<?xml version="1.0" encoding="UTF-8"?>
<!-- Generated by org.testng.reporters.JUnitReportReporter -->
<testsuite hostname="DESKTOP-OM29UJU" failures="0" tests="1" name="testScripts.Sample" time="0.004" errors="0" timestamp="2025-03-11T21:33:18 IST" skipped="0">
  <testcase classname="testScripts.Sample" name="rupa" time="0.004"/>
  <system-out/>
</testsuite> <!-- testScripts.Sample -->
