<?xml version="1.0" encoding="UTF-8"?>
<!-- Generated by org.testng.reporters.JUnitReportReporter -->
<testsuite hostname="DESKTOP-OM29UJU" failures="0" tests="2" name="testScripts.CITet" time="149.478" errors="0" timestamp="2025-04-11T22:19:18 IST" skipped="0">
  <testcase classname="testScripts.CITet" name="imgSave" time="69.620"/>
  <system-out/>
  <testcase classname="testScripts.CITet" name="faitetcae" time="79.858"/>
  <system-out/>
</testsuite> <!-- testScripts.CITet -->
