<?xml version="1.0" encoding="UTF-8"?>
<!-- Generated by org.testng.reporters.JUnitReportReporter -->
<testsuite hostname="DESKTOP-OM29UJU" failures="0" tests="1" name="testScripts.ProfessionalPageTest" time="70.135" errors="0" timestamp="2025-05-04T13:23:20 IST" skipped="0">
  <testcase classname="testScripts.ProfessionalPageTest" name="openingPage" time="70.135"/>
  <system-out/>
</testsuite> <!-- testScripts.ProfessionalPageTest -->
